2017-12-04 21:57:59,115 INFO Valor de Altura:
2017-12-04 21:57:59,115 INFO 500
2017-12-04 21:57:59,117 INFO Valor del Ancho
2017-12-04 21:57:59,117 INFO 1000
2017-12-04 21:57:59,118 INFO Valor de coordenadas (x , y): 
2017-12-04 21:57:59,118 INFO 14 263
2017-12-04 21:57:59,319 INFO Valor de Altura:
2017-12-04 21:57:59,319 INFO 500
2017-12-04 21:57:59,319 INFO Valor del Ancho
2017-12-04 21:57:59,319 INFO 1000
2017-12-04 21:57:59,319 INFO Valor de coordenadas (x , y): 
2017-12-04 21:57:59,319 INFO 42 283
2017-12-04 21:57:59,500 INFO Valor de Altura:
2017-12-04 21:57:59,500 INFO 500
2017-12-04 21:57:59,502 INFO Valor del Ancho
2017-12-04 21:57:59,502 INFO 1000
2017-12-04 21:57:59,503 INFO Valor de coordenadas (x , y): 
2017-12-04 21:57:59,503 INFO 41 286
2017-12-04 21:57:59,677 INFO Valor de Altura:
2017-12-04 21:57:59,677 INFO 500
2017-12-04 21:57:59,677 INFO Valor del Ancho
2017-12-04 21:57:59,677 INFO 1000
2017-12-04 21:57:59,678 INFO Valor de coordenadas (x , y): 
2017-12-04 21:57:59,678 INFO 0 0
2017-12-04 21:57:59,852 INFO Valor de Altura:
2017-12-04 21:57:59,852 INFO 500
2017-12-04 21:57:59,852 INFO Valor del Ancho
2017-12-04 21:57:59,852 INFO 1000
2017-12-04 21:57:59,854 INFO Valor de coordenadas (x , y): 
2017-12-04 21:57:59,854 INFO 151 327
2017-12-04 21:58:00,002 INFO Valor de Altura:
2017-12-04 21:58:00,002 INFO 500
2017-12-04 21:58:00,002 INFO Valor del Ancho
2017-12-04 21:58:00,002 INFO 1000
2017-12-04 21:58:00,003 INFO Valor de coordenadas (x , y): 
2017-12-04 21:58:00,003 INFO 64 285
2017-12-04 21:58:00,302 INFO Valor de Altura:
2017-12-04 21:58:00,302 INFO 500
2017-12-04 21:58:00,302 INFO Valor del Ancho
2017-12-04 21:58:00,302 INFO 1000
2017-12-04 21:58:00,305 INFO Valor de coordenadas (x , y): 
2017-12-04 21:58:00,305 INFO 81 280
2017-12-04 21:58:00,473 INFO Valor de Altura:
2017-12-04 21:58:00,473 INFO 500
2017-12-04 21:58:00,473 INFO Valor del Ancho
2017-12-04 21:58:00,473 INFO 1000
2017-12-04 21:58:00,474 INFO Valor de coordenadas (x , y): 
2017-12-04 21:58:00,474 INFO 94 276
2017-12-04 21:58:00,638 INFO Valor de Altura:
2017-12-04 21:58:00,638 INFO 500
2017-12-04 21:58:00,638 INFO Valor del Ancho
2017-12-04 21:58:00,638 INFO 1000
2017-12-04 21:58:00,640 INFO Valor de coordenadas (x , y): 
2017-12-04 21:58:00,640 INFO 104 271
2017-12-04 21:58:00,789 INFO Valor de Altura:
2017-12-04 21:58:00,790 INFO 500
2017-12-04 21:58:00,790 INFO Valor del Ancho
2017-12-04 21:58:00,790 INFO 1000
2017-12-04 21:58:00,792 INFO Valor de coordenadas (x , y): 
2017-12-04 21:58:00,792 INFO 110 266
2017-12-04 21:58:00,957 INFO Valor de Altura:
2017-12-04 21:58:00,957 INFO 500
2017-12-04 21:58:00,957 INFO Valor del Ancho
2017-12-04 21:58:00,957 INFO 1000
2017-12-04 21:58:00,957 INFO Valor de coordenadas (x , y): 
2017-12-04 21:58:00,957 INFO 117 262
2017-12-04 21:58:01,105 INFO Valor de Altura:
2017-12-04 21:58:01,105 INFO 500
2017-12-04 21:58:01,105 INFO Valor del Ancho
2017-12-04 21:58:01,105 INFO 1000
2017-12-04 21:58:01,105 INFO Valor de coordenadas (x , y): 
2017-12-04 21:58:01,105 INFO 123 260
2017-12-04 21:58:01,273 INFO Valor de Altura:
2017-12-04 21:58:01,273 INFO 500
2017-12-04 21:58:01,273 INFO Valor del Ancho
2017-12-04 21:58:01,273 INFO 1000
2017-12-04 21:58:01,275 INFO Valor de coordenadas (x , y): 
2017-12-04 21:58:01,275 INFO 116 258
2017-12-04 21:58:01,441 INFO Valor de Altura:
2017-12-04 21:58:01,441 INFO 500
2017-12-04 21:58:01,441 INFO Valor del Ancho
2017-12-04 21:58:01,441 INFO 1000
2017-12-04 21:58:01,443 INFO Valor de coordenadas (x , y): 
2017-12-04 21:58:01,443 INFO 118 258
2017-12-04 21:58:01,588 INFO Valor de Altura:
2017-12-04 21:58:01,588 INFO 500
2017-12-04 21:58:01,588 INFO Valor del Ancho
2017-12-04 21:58:01,588 INFO 1000
2017-12-04 21:58:01,588 INFO Valor de coordenadas (x , y): 
2017-12-04 21:58:01,588 INFO 116 259
2017-12-04 21:58:01,755 INFO Valor de Altura:
2017-12-04 21:58:01,755 INFO 500
2017-12-04 21:58:01,755 INFO Valor del Ancho
2017-12-04 21:58:01,755 INFO 1000
2017-12-04 21:58:01,756 INFO Valor de coordenadas (x , y): 
2017-12-04 21:58:01,756 INFO 117 262
2017-12-04 21:58:01,914 INFO Valor de Altura:
2017-12-04 21:58:01,915 INFO 500
2017-12-04 21:58:01,915 INFO Valor del Ancho
2017-12-04 21:58:01,915 INFO 1000
2017-12-04 21:58:01,917 INFO Valor de coordenadas (x , y): 
2017-12-04 21:58:01,917 INFO 117 267
2017-12-04 21:58:02,084 INFO Valor de Altura:
2017-12-04 21:58:02,084 INFO 500
2017-12-04 21:58:02,084 INFO Valor del Ancho
2017-12-04 21:58:02,084 INFO 1000
2017-12-04 21:58:02,085 INFO Valor de coordenadas (x , y): 
2017-12-04 21:58:02,085 INFO 115 270
2017-12-04 21:58:02,246 INFO Valor de Altura:
2017-12-04 21:58:02,246 INFO 500
2017-12-04 21:58:02,246 INFO Valor del Ancho
2017-12-04 21:58:02,247 INFO 1000
2017-12-04 21:58:02,249 INFO Valor de coordenadas (x , y): 
2017-12-04 21:58:02,249 INFO 120 273
2017-12-04 21:58:02,395 INFO Valor de Altura:
2017-12-04 21:58:02,397 INFO 500
2017-12-04 21:58:02,397 INFO Valor del Ancho
2017-12-04 21:58:02,397 INFO 1000
2017-12-04 21:58:02,398 INFO Valor de coordenadas (x , y): 
2017-12-04 21:58:02,398 INFO 118 276
2017-12-04 21:58:02,565 INFO Valor de Altura:
2017-12-04 21:58:02,565 INFO 500
2017-12-04 21:58:02,565 INFO Valor del Ancho
2017-12-04 21:58:02,565 INFO 1000
2017-12-04 21:58:02,566 INFO Valor de coordenadas (x , y): 
2017-12-04 21:58:02,566 INFO 114 284
2017-12-04 21:58:02,717 INFO Valor de Altura:
2017-12-04 21:58:02,717 INFO 500
2017-12-04 21:58:02,717 INFO Valor del Ancho
2017-12-04 21:58:02,719 INFO 1000
2017-12-04 21:58:02,720 INFO Valor de coordenadas (x , y): 
2017-12-04 21:58:02,720 INFO 109 288
2017-12-04 21:58:02,871 INFO Valor de Altura:
2017-12-04 21:58:02,871 INFO 500
2017-12-04 21:58:02,871 INFO Valor del Ancho
2017-12-04 21:58:02,871 INFO 1000
2017-12-04 21:58:02,872 INFO Valor de coordenadas (x , y): 
2017-12-04 21:58:02,872 INFO 105 297
2017-12-04 21:58:03,032 INFO Valor de Altura:
2017-12-04 21:58:03,032 INFO 500
2017-12-04 21:58:03,032 INFO Valor del Ancho
2017-12-04 21:58:03,032 INFO 1000
2017-12-04 21:58:03,032 INFO Valor de coordenadas (x , y): 
2017-12-04 21:58:03,032 INFO 96 308
2017-12-04 21:58:03,177 INFO Valor de Altura:
2017-12-04 21:58:03,177 INFO 500
2017-12-04 21:58:03,177 INFO Valor del Ancho
2017-12-04 21:58:03,177 INFO 1000
2017-12-04 21:58:03,178 INFO Valor de coordenadas (x , y): 
2017-12-04 21:58:03,178 INFO 88 307
2017-12-04 21:58:03,338 INFO Valor de Altura:
2017-12-04 21:58:03,338 INFO 500
2017-12-04 21:58:03,338 INFO Valor del Ancho
2017-12-04 21:58:03,338 INFO 1000
2017-12-04 21:58:03,338 INFO Valor de coordenadas (x , y): 
2017-12-04 21:58:03,338 INFO 89 292
2017-12-04 21:58:03,486 INFO Valor de Altura:
2017-12-04 21:58:03,486 INFO 500
2017-12-04 21:58:03,486 INFO Valor del Ancho
2017-12-04 21:58:03,486 INFO 1000
2017-12-04 21:58:03,487 INFO Valor de coordenadas (x , y): 
2017-12-04 21:58:03,487 INFO 93 272
2017-12-04 21:58:03,650 INFO Valor de Altura:
2017-12-04 21:58:03,650 INFO 500
2017-12-04 21:58:03,650 INFO Valor del Ancho
2017-12-04 21:58:03,650 INFO 1000
2017-12-04 21:58:03,651 INFO Valor de coordenadas (x , y): 
2017-12-04 21:58:03,651 INFO 98 255
2017-12-04 21:58:03,809 INFO Valor de Altura:
2017-12-04 21:58:03,809 INFO 500
2017-12-04 21:58:03,809 INFO Valor del Ancho
2017-12-04 21:58:03,809 INFO 1000
2017-12-04 21:58:03,809 INFO Valor de coordenadas (x , y): 
2017-12-04 21:58:03,809 INFO 106 240
2017-12-04 21:58:03,973 INFO Valor de Altura:
2017-12-04 21:58:03,973 INFO 500
2017-12-04 21:58:03,973 INFO Valor del Ancho
2017-12-04 21:58:03,973 INFO 1000
2017-12-04 21:58:03,974 INFO Valor de coordenadas (x , y): 
2017-12-04 21:58:03,974 INFO 109 236
2017-12-04 21:58:04,138 INFO Valor de Altura:
2017-12-04 21:58:04,138 INFO 500
2017-12-04 21:58:04,138 INFO Valor del Ancho
2017-12-04 21:58:04,140 INFO 1000
2017-12-04 21:58:04,141 INFO Valor de coordenadas (x , y): 
2017-12-04 21:58:04,141 INFO 111 229
2017-12-04 21:58:04,306 INFO Valor de Altura:
2017-12-04 21:58:04,306 INFO 500
2017-12-04 21:58:04,306 INFO Valor del Ancho
2017-12-04 21:58:04,306 INFO 1000
2017-12-04 21:58:04,308 INFO Valor de coordenadas (x , y): 
2017-12-04 21:58:04,308 INFO 112 231
2017-12-04 21:58:04,463 INFO Valor de Altura:
2017-12-04 21:58:04,463 INFO 500
2017-12-04 21:58:04,463 INFO Valor del Ancho
2017-12-04 21:58:04,463 INFO 1000
2017-12-04 21:58:04,463 INFO Valor de coordenadas (x , y): 
2017-12-04 21:58:04,463 INFO 112 231
